
=== Wed Aug 12 10:37:18 2020

Packages were changed.
Update Mode: updateDependencies

The following packages were added:
  com.unity.2d.sprite@1.0.0
  com.unity.2d.tilemap@1.0.0
  com.unity.ide.rider@2.0.5
  com.unity.ide.visualstudio@2.0.2
  com.unity.ide.vscode@1.2.1
  com.unity.modules.androidjni@1.0.0
  com.unity.test-framework@1.1.14
  com.unity.ugui@1.0.0
  com.unity.xr.legacyinputhelpers@2.1.4
The following packages were updated:
  com.unity.ads from version 2.0.8 to 3.4.7
  com.unity.analytics from version 3.3.2 to 3.3.5
  com.unity.collab-proxy from version 1.2.16 to 1.3.8
  com.unity.textmeshpro from version 2.0.0 to 3.0.0-preview.1
  com.unity.timeline from version 1.0.0 to 1.2.6
The following packages were removed:
  com.unity.package-manager-ui@2.1.2

=== Thu Dec  3 14:20:40 2020

Packages were changed.
Update Mode: updateDependencies

The following packages were updated:
  com.unity.ads from version 3.4.9 to 3.5.0
  com.unity.analytics from version 3.3.5 to 3.5.3
  com.unity.ide.rider from version 1.2.1 to 2.0.7
  com.unity.ide.visualstudio from version 2.0.2 to 2.0.3
  com.unity.ide.vscode from version 1.2.1 to 1.2.2
  com.unity.purchasing from version 2.1.0 to 2.1.1
  com.unity.test-framework from version 1.1.16 to 1.1.18
  com.unity.timeline from version 1.2.6 to 1.4.3

=== Wed Dec 16 15:21:31 2020

Packages were changed.
Update Mode: updateDependencies

The following packages were updated:
  com.unity.ads from version 3.5.0 to 3.5.2
  com.unity.ide.rider from version 2.0.7 to 3.0.3
  com.unity.ide.visualstudio from version 2.0.3 to 2.0.5
  com.unity.ide.vscode from version 1.2.2 to 1.2.3
  com.unity.purchasing from version 2.1.1 to 3.0.0-pre.4
  com.unity.render-pipelines.high-definition from version 8.2.0 to 10.2.0
  com.unity.test-framework from version 1.1.18 to 1.1.19
  com.unity.textmeshpro from version 3.0.1 to 3.0.3
  com.unity.timeline from version 1.4.3 to 1.5.1-pre.3
  com.unity.xr.legacyinputhelpers from version 2.1.4 to 2.1.6
